<?xml version="1.0" encoding="UTF-8"?>
<!-- Generated by org.testng.reporters.JUnitXMLReporter -->
<testsuite ignored="0" hostname="Muhameds-MBP-2" failures="0" tests="1" name="NegativeUsernameTest-CH" time="0.087" errors="0" timestamp="28 Jan 2022 12:56:38 GMT">
  <testcase classname="com.herokuapp.theinternet.NegativeTests" name="@BeforeMethod setUp" time="0.061">
    <failure type="java.lang.IllegalStateException" message="The driver executable does not exist: /Users/muhamedsalah/Downloads/advanced-selenium-webdriver-master/BEGINNING/advanced-selenium-webdriver/3456 ">
      <![CDATA[java.lang.IllegalStateException: The driver executable does not exist: /Users/muhamedsalah/Downloads/advanced-selenium-webdriver-master/BEGINNING/advanced-selenium-webdriver/3456 
at com.google.common.base.Preconditions.checkState(Preconditions.java:585)
at org.openqa.selenium.remote.service.DriverService.checkExecutable(DriverService.java:137)
at org.openqa.selenium.remote.service.DriverService.findExecutable(DriverService.java:132)
at org.openqa.selenium.chrome.ChromeDriverService.access$000(ChromeDriverService.java:35)
at org.openqa.selenium.chrome.ChromeDriverService$Builder.findDefaultExecutable(ChromeDriverService.java:156)
at org.openqa.selenium.remote.service.DriverService$Builder.build(DriverService.java:346)
at org.openqa.selenium.chrome.ChromeDriverService.createDefaultService(ChromeDriverService.java:91)
at org.openqa.selenium.chrome.ChromeDriver.<init>(ChromeDriver.java:123)
at com.herokuapp.theinternet.NegativeTests.setUp(NegativeTests.java:28)
... Removed 28 stack frames]]>
    </failure>
  </testcase> <!-- @BeforeMethod setUp -->
  <testcase classname="com.herokuapp.theinternet.NegativeTests" name="@AfterMethod tearDown" time="0.0">
    <skipped/>
  </testcase> <!-- @AfterMethod tearDown -->
  <testcase classname="com.herokuapp.theinternet.NegativeTests" name="negativeTest" time="0.0">
    <skipped/>
  </testcase> <!-- negativeTest -->
</testsuite> <!-- NegativeUsernameTest-CH -->
