<?xml version="1.0" encoding="UTF-8"?>
<!-- Generated by org.testng.reporters.JUnitXMLReporter -->
<testsuite ignored="0" hostname="Muhameds-MacBook-Pro-2.local" failures="1" tests="3" name="AlertsTests" time="16.928" errors="0" timestamp="27 Feb 2022 19:39:56 GMT">
  <testcase classname="com.herokuapp.theinternet.alertstest.AlertsTests" name="jsAlertTest" time="3.149">
    <failure type="java.lang.AssertionError" message="result is not expected. 
Should be &amp;apos;You successfuly clicked an alert&amp;apos;, but it is &amp;apos;You successfully clicked an alert&amp;apos; expected [true] but found [false]">
      <![CDATA[java.lang.AssertionError: result is not expected. 
Should be 'You successfuly clicked an alert', but it is 'You successfully clicked an alert' expected [true] but found [false]
at com.herokuapp.theinternet.alertstest.AlertsTests.jsAlertTest(AlertsTests.java:40)
... Removed 28 stack frames]]>
    </failure>
  </testcase> <!-- jsAlertTest -->
  <testcase classname="com.herokuapp.theinternet.alertstest.AlertsTests" name="jsDismissTest" time="4.16"/>
  <testcase classname="com.herokuapp.theinternet.alertstest.AlertsTests" name="jsPromptTest" time="5.024"/>
</testsuite> <!-- AlertsTests -->
